[17-May-2025 01:18:03 UTC] PHP Warning:  require_once(C:\Users\rauld\Projetos\erpsync\src\public/../vendor/autoload.php): Failed to open stream: No such file or directory in C:\Users\rauld\Projetos\erpsync\src\public\index.php on line 3
[17-May-2025 01:18:03 UTC] PHP Fatal error:  Uncaught Error: Failed opening required 'C:\Users\rauld\Projetos\erpsync\src\public/../vendor/autoload.php' (include_path='.;C:\php\pear') in C:\Users\rauld\Projetos\erpsync\src\public\index.php:3
Stack trace:
#0 {main}
  thrown in C:\Users\rauld\Projetos\erpsync\src\public\index.php on line 3
[17-May-2025 02:01:18 UTC] PHP Fatal error:  Uncaught Error: Class "Models\Model" not found in C:\Users\rauld\Projetos\erpsync\src\Models\TransmissionModel.php:5
Stack trace:
#0 C:\Users\rauld\Projetos\erpsync\vendor\composer\ClassLoader.php(576): include()
#1 C:\Users\rauld\Projetos\erpsync\vendor\composer\ClassLoader.php(427): Composer\Autoload\{closure}('C:\\Users\\rauld\\...')
#2 C:\Users\rauld\Projetos\erpsync\src\public\index.php(7): Composer\Autoload\ClassLoader->loadClass('App\\Models\\Tran...')
#3 {main}
  thrown in C:\Users\rauld\Projetos\erpsync\src\Models\TransmissionModel.php on line 5
[17-May-2025 02:01:27 UTC] PHP Fatal error:  Uncaught Error: Class "App\Models\Model" not found in C:\Users\rauld\Projetos\erpsync\src\Models\TransmissionModel.php:5
Stack trace:
#0 C:\Users\rauld\Projetos\erpsync\vendor\composer\ClassLoader.php(576): include()
#1 C:\Users\rauld\Projetos\erpsync\vendor\composer\ClassLoader.php(427): Composer\Autoload\{closure}('C:\\Users\\rauld\\...')
#2 C:\Users\rauld\Projetos\erpsync\src\public\index.php(7): Composer\Autoload\ClassLoader->loadClass('App\\Models\\Tran...')
#3 {main}
  thrown in C:\Users\rauld\Projetos\erpsync\src\Models\TransmissionModel.php on line 5
[17-May-2025 02:01:36 UTC] PHP Fatal error:  Uncaught Error: Class "Model" not found in C:\Users\rauld\Projetos\erpsync\src\Models\TransmissionModel.php:5
Stack trace:
#0 C:\Users\rauld\Projetos\erpsync\vendor\composer\ClassLoader.php(576): include()
#1 C:\Users\rauld\Projetos\erpsync\vendor\composer\ClassLoader.php(427): Composer\Autoload\{closure}('C:\\Users\\rauld\\...')
#2 C:\Users\rauld\Projetos\erpsync\src\public\index.php(7): Composer\Autoload\ClassLoader->loadClass('App\\Models\\Tran...')
#3 {main}
  thrown in C:\Users\rauld\Projetos\erpsync\src\Models\TransmissionModel.php on line 5
[17-May-2025 02:01:54 UTC] PHP Fatal error:  Uncaught Error: Class "App\Models\Model" not found in C:\Users\rauld\Projetos\erpsync\src\Models\TransmissionModel.php:5
Stack trace:
#0 C:\Users\rauld\Projetos\erpsync\vendor\composer\ClassLoader.php(576): include()
#1 C:\Users\rauld\Projetos\erpsync\vendor\composer\ClassLoader.php(427): Composer\Autoload\{closure}('C:\\Users\\rauld\\...')
#2 C:\Users\rauld\Projetos\erpsync\src\public\index.php(7): Composer\Autoload\ClassLoader->loadClass('App\\Models\\Tran...')
#3 {main}
  thrown in C:\Users\rauld\Projetos\erpsync\src\Models\TransmissionModel.php on line 5
[17-May-2025 02:02:10 UTC] PHP Fatal error:  Uncaught Error: Class "Models\Model" not found in C:\Users\rauld\Projetos\erpsync\src\Models\TransmissionModel.php:5
Stack trace:
#0 C:\Users\rauld\Projetos\erpsync\vendor\composer\ClassLoader.php(576): include()
#1 C:\Users\rauld\Projetos\erpsync\vendor\composer\ClassLoader.php(427): Composer\Autoload\{closure}('C:\\Users\\rauld\\...')
#2 C:\Users\rauld\Projetos\erpsync\src\public\index.php(7): Composer\Autoload\ClassLoader->loadClass('App\\Models\\Tran...')
#3 {main}
  thrown in C:\Users\rauld\Projetos\erpsync\src\Models\TransmissionModel.php on line 5
[17-May-2025 02:02:22 UTC] PHP Fatal error:  Uncaught Error: Class "App\Models\Model" not found in C:\Users\rauld\Projetos\erpsync\src\Models\TransmissionModel.php:7
Stack trace:
#0 C:\Users\rauld\Projetos\erpsync\vendor\composer\ClassLoader.php(576): include()
#1 C:\Users\rauld\Projetos\erpsync\vendor\composer\ClassLoader.php(427): Composer\Autoload\{closure}('C:\\Users\\rauld\\...')
#2 C:\Users\rauld\Projetos\erpsync\src\public\index.php(7): Composer\Autoload\ClassLoader->loadClass('App\\Models\\Tran...')
#3 {main}
  thrown in C:\Users\rauld\Projetos\erpsync\src\Models\TransmissionModel.php on line 7
[17-May-2025 02:02:32 UTC] PHP Fatal error:  Uncaught Error: Class "Model" not found in C:\Users\rauld\Projetos\erpsync\src\Models\TransmissionModel.php:7
Stack trace:
#0 C:\Users\rauld\Projetos\erpsync\vendor\composer\ClassLoader.php(576): include()
#1 C:\Users\rauld\Projetos\erpsync\vendor\composer\ClassLoader.php(427): Composer\Autoload\{closure}('C:\\Users\\rauld\\...')
#2 C:\Users\rauld\Projetos\erpsync\src\public\index.php(7): Composer\Autoload\ClassLoader->loadClass('App\\Models\\Tran...')
#3 {main}
  thrown in C:\Users\rauld\Projetos\erpsync\src\Models\TransmissionModel.php on line 7
[17-May-2025 02:02:42 UTC] PHP Warning:  The use statement with non-compound name 'Model' has no effect in C:\Users\rauld\Projetos\erpsync\src\Models\TransmissionModel.php on line 3
[17-May-2025 02:02:42 UTC] PHP Fatal error:  Uncaught Error: Class "Model" not found in C:\Users\rauld\Projetos\erpsync\src\Models\TransmissionModel.php:5
Stack trace:
#0 C:\Users\rauld\Projetos\erpsync\vendor\composer\ClassLoader.php(576): include()
#1 C:\Users\rauld\Projetos\erpsync\vendor\composer\ClassLoader.php(427): Composer\Autoload\{closure}('C:\\Users\\rauld\\...')
#2 C:\Users\rauld\Projetos\erpsync\src\public\index.php(7): Composer\Autoload\ClassLoader->loadClass('App\\Models\\Tran...')
#3 {main}
  thrown in C:\Users\rauld\Projetos\erpsync\src\Models\TransmissionModel.php on line 5
[17-May-2025 02:02:45 UTC] PHP Fatal error:  Uncaught Error: Class "Model" not found in C:\Users\rauld\Projetos\erpsync\src\Models\TransmissionModel.php:7
Stack trace:
#0 C:\Users\rauld\Projetos\erpsync\vendor\composer\ClassLoader.php(576): include()
#1 C:\Users\rauld\Projetos\erpsync\vendor\composer\ClassLoader.php(427): Composer\Autoload\{closure}('C:\\Users\\rauld\\...')
#2 C:\Users\rauld\Projetos\erpsync\src\public\index.php(7): Composer\Autoload\ClassLoader->loadClass('App\\Models\\Tran...')
#3 {main}
  thrown in C:\Users\rauld\Projetos\erpsync\src\Models\TransmissionModel.php on line 7
[17-May-2025 02:02:50 UTC] PHP Fatal error:  Uncaught Error: Class "Models\Model" not found in C:\Users\rauld\Projetos\erpsync\src\Models\TransmissionModel.php:7
Stack trace:
#0 C:\Users\rauld\Projetos\erpsync\vendor\composer\ClassLoader.php(576): include()
#1 C:\Users\rauld\Projetos\erpsync\vendor\composer\ClassLoader.php(427): Composer\Autoload\{closure}('C:\\Users\\rauld\\...')
#2 C:\Users\rauld\Projetos\erpsync\src\public\index.php(7): Composer\Autoload\ClassLoader->loadClass('App\\Models\\Tran...')
#3 {main}
  thrown in C:\Users\rauld\Projetos\erpsync\src\Models\TransmissionModel.php on line 7
[17-May-2025 02:02:55 UTC] PHP Fatal error:  Uncaught Error: Class "Models\Model" not found in C:\Users\rauld\Projetos\erpsync\src\Models\TransmissionModel.php:9
Stack trace:
#0 C:\Users\rauld\Projetos\erpsync\vendor\composer\ClassLoader.php(576): include()
#1 C:\Users\rauld\Projetos\erpsync\vendor\composer\ClassLoader.php(427): Composer\Autoload\{closure}('C:\\Users\\rauld\\...')
#2 C:\Users\rauld\Projetos\erpsync\src\public\index.php(7): Composer\Autoload\ClassLoader->loadClass('App\\Models\\Tran...')
#3 {main}
  thrown in C:\Users\rauld\Projetos\erpsync\src\Models\TransmissionModel.php on line 9
[17-May-2025 02:03:07 UTC] PHP Fatal error:  Cannot use Model as Model because the name is already in use in C:\Users\rauld\Projetos\erpsync\src\Models\TransmissionModel.php on line 7
[17-May-2025 02:03:19 UTC] PHP Fatal error:  Uncaught Error: Class "Model" not found in C:\Users\rauld\Projetos\erpsync\src\Models\TransmissionModel.php:9
Stack trace:
#0 C:\Users\rauld\Projetos\erpsync\vendor\composer\ClassLoader.php(576): include()
#1 C:\Users\rauld\Projetos\erpsync\vendor\composer\ClassLoader.php(427): Composer\Autoload\{closure}('C:\\Users\\rauld\\...')
#2 C:\Users\rauld\Projetos\erpsync\src\public\index.php(7): Composer\Autoload\ClassLoader->loadClass('App\\Models\\Tran...')
#3 {main}
  thrown in C:\Users\rauld\Projetos\erpsync\src\Models\TransmissionModel.php on line 9
[17-May-2025 02:03:25 UTC] PHP Fatal error:  Uncaught Error: Class "Models\Model" not found in C:\Users\rauld\Projetos\erpsync\src\Models\TransmissionModel.php:7
Stack trace:
#0 C:\Users\rauld\Projetos\erpsync\vendor\composer\ClassLoader.php(576): include()
#1 C:\Users\rauld\Projetos\erpsync\vendor\composer\ClassLoader.php(427): Composer\Autoload\{closure}('C:\\Users\\rauld\\...')
#2 C:\Users\rauld\Projetos\erpsync\src\public\index.php(7): Composer\Autoload\ClassLoader->loadClass('App\\Models\\Tran...')
#3 {main}
  thrown in C:\Users\rauld\Projetos\erpsync\src\Models\TransmissionModel.php on line 7
[17-May-2025 02:03:29 UTC] PHP Fatal error:  Uncaught Error: Class "App\Models\Model" not found in C:\Users\rauld\Projetos\erpsync\src\Models\TransmissionModel.php:7
Stack trace:
#0 C:\Users\rauld\Projetos\erpsync\vendor\composer\ClassLoader.php(576): include()
#1 C:\Users\rauld\Projetos\erpsync\vendor\composer\ClassLoader.php(427): Composer\Autoload\{closure}('C:\\Users\\rauld\\...')
#2 C:\Users\rauld\Projetos\erpsync\src\public\index.php(7): Composer\Autoload\ClassLoader->loadClass('App\\Models\\Tran...')
#3 {main}
  thrown in C:\Users\rauld\Projetos\erpsync\src\Models\TransmissionModel.php on line 7
[17-May-2025 02:03:42 UTC] PHP Fatal error:  Uncaught Error: Class "App\Models\Model" not found in C:\Users\rauld\Projetos\erpsync\src\Models\TransmissionModel.php:7
Stack trace:
#0 C:\Users\rauld\Projetos\erpsync\vendor\composer\ClassLoader.php(576): include()
#1 C:\Users\rauld\Projetos\erpsync\vendor\composer\ClassLoader.php(427): Composer\Autoload\{closure}('C:\\Users\\rauld\\...')
#2 C:\Users\rauld\Projetos\erpsync\src\public\index.php(7): Composer\Autoload\ClassLoader->loadClass('App\\Models\\Tran...')
#3 {main}
  thrown in C:\Users\rauld\Projetos\erpsync\src\Models\TransmissionModel.php on line 7
[17-May-2025 02:03:43 UTC] PHP Fatal error:  Uncaught Error: Class "App\Models\Model" not found in C:\Users\rauld\Projetos\erpsync\src\Models\TransmissionModel.php:7
Stack trace:
#0 C:\Users\rauld\Projetos\erpsync\vendor\composer\ClassLoader.php(576): include()
#1 C:\Users\rauld\Projetos\erpsync\vendor\composer\ClassLoader.php(427): Composer\Autoload\{closure}('C:\\Users\\rauld\\...')
#2 C:\Users\rauld\Projetos\erpsync\src\public\index.php(7): Composer\Autoload\ClassLoader->loadClass('App\\Models\\Tran...')
#3 {main}
  thrown in C:\Users\rauld\Projetos\erpsync\src\Models\TransmissionModel.php on line 7
[17-May-2025 02:04:53 UTC] PHP Fatal error:  Uncaught Error: Class "Database" not found in C:\Users\rauld\Projetos\erpsync\src\Models\Model.php:15
Stack trace:
#0 C:\Users\rauld\Projetos\erpsync\src\Models\TransmissionModel.php(11): App\Models\Model->__construct()
#1 C:\Users\rauld\Projetos\erpsync\src\public\index.php(7): App\Models\TransmissionModel->__construct()
#2 {main}
  thrown in C:\Users\rauld\Projetos\erpsync\src\Models\Model.php on line 15
[17-May-2025 02:15:58 UTC] PHP Fatal error:  Uncaught Error: Class "App\Models\QueueModel" not found in C:\Users\rauld\Projetos\erpsync\src\public\index.php:7
Stack trace:
#0 {main}
  thrown in C:\Users\rauld\Projetos\erpsync\src\public\index.php on line 7
